<?xml version="1.0" encoding="UTF-8"?>
<!-- Generated by org.testng.reporters.JUnitReportReporter -->
<testsuite hostname="DESKTOP-LC4VG59" failures="0" tests="1" name="com.sydney.testcases.LoginPageTest" time="87.463" errors="0" timestamp="2024-08-15T21:32:10 IST" skipped="0">
  <testcase classname="com.sydney.testcases.LoginPageTest" name="loginTest" time="87.463"/>
  <system-out/>
</testsuite> <!-- com.sydney.testcases.LoginPageTest -->
