<?xml version="1.0" encoding="UTF-8"?>
<!-- Generated by org.testng.reporters.JUnitReportReporter -->
<testsuite hostname="DESKTOP-LC4VG59" failures="0" tests="1" name="com.sydney.testcases.AddToCartPageTest" time="50.876" errors="0" timestamp="2024-08-15T19:03:10 IST" skipped="0">
  <testcase classname="com.sydney.testcases.AddToCartPageTest" name="addToCartTest" time="50.876"/>
  <system-out/>
</testsuite> <!-- com.sydney.testcases.AddToCartPageTest -->
